7/3/2025, 8:32:06 PM GMT+7 0: 

----------------------------------------------
7/3/2025, 8:32:06 PM GMT+7 1: Discord starting: {"releaseChannel":"stable","version":"0.0.100"}, modulepath: /home/fuzzy/.config/discord/0.0.100/modules
7/3/2025, 8:32:06 PM GMT+7 2: ✅ webContents.created web1 ""
7/3/2025, 8:32:06 PM GMT+7 3: ✅ window.created win1 "discord"
7/3/2025, 8:32:06 PM GMT+7 4: Wrote 103872 byte minidump to /home/fuzzy/.config/discord/0.0.100/modules/crashlogs/7_3_2025__8_32_06_PM_GMT_7-1-minidump.dmp
7/3/2025, 8:32:06 PM GMT+7 5: Sentry report: {"contexts":{"trace":{"trace_id":"553a833ee8a8402db455e7fc60598ff2","span_id":"a347ab7875e4b35f"},"app":{"app_name":"discord","app_version":"0.0.100","app_start_time":"2025-07-03T13:32:05.511Z"},"os":{"kernel_version":"6.15.4-4-cachyos","name":"Ubuntu Linux","version":"\"rolling\""},"browser":{"name":"Chrome"},"chrome":{"name":"Chrome","type":"runtime","version":"134.0.6998.205"},"device":{"arch":"x64","family":"Desktop","language":"en-US","screen_density":1,"screen_resolution":"1920x1080","memory_size":8219238400,"free_memory":6636482560,"processor_count":4,"cpu_description":"Intel(R) Core(TM) i7-4600U CPU @ 2.10GHz","processor_frequency":2993},"node":{"name":"Node","type":"runtime","version":"22.14.0"},"runtime":{"name":"Electron","version":"35.3.0"}},"release":"0.0.100","user":{"ip_address":"{{auto}}"},"tags":{"event.origin":"electron","event.environment":"native","event.process":"browser","event_type":"native"},"level":"fatal","platform":"native","breadcrumbs":[{"timestamp":1751549526.081,"category":"console","level":"log","message":"Discord 0.0.100"},{"timestamp":1751549526.222,"category":"electron","message":"app.will-finish-launching","type":"ui"},{"timestamp":1751549526.226,"category":"electron","message":"app.ready","type":"ui"},{"timestamp":1751549526.234,"category":"electron","message":"app.session-created","type":"ui"},{"timestamp":1751549526.234,"category":"console","level":"warning","message":"(electron) 'session.getPreloads' is deprecated and will be removed. Please use 'session.getPreloadScripts' instead."},{"timestamp":1751549526.235,"category":"console","level":"warning","message":"(electron) 'session.setPreloads' is deprecated and will be removed. Please use 'session.registerPreloadScript' instead."},{"timestamp":1751549526.237,"category":"console","level":"log","message":"Starting app."},{"timestamp":1751549526.24,"category":"console","level":"log","message":"Starting updater."},{"timestamp":1751549526.255,"category":"console","level":"log","message":"7/3/2025, 8:32:06 PM GMT+7 [Modules] Modules initializing"},{"timestamp":1751549526.256,"category":"console","level":"log","message":"7/3/2025, 8:32:06 PM GMT+7 [Modules] Distribution: remote"},{"timestamp":1751549526.256,"category":"console","level":"log","message":"7/3/2025, 8:32:06 PM GMT+7 [Modules] Host updates: enabled"},{"timestamp":1751549526.256,"category":"console","level":"log","message":"7/3/2025, 8:32:06 PM GMT+7 [Modules] Module updates: enabled"},{"timestamp":1751549526.257,"category":"console","level":"log","message":"7/3/2025, 8:32:06 PM GMT+7 [Modules] Module install path: /home/fuzzy/.config/discord/0.0.100/modules"},{"timestamp":1751549526.257,"category":"console","level":"log","message":"7/3/2025, 8:32:06 PM GMT+7 [Modules] Module installed file path: /home/fuzzy/.config/discord/0.0.100/modules/installed.json"},{"timestamp":1751549526.257,"category":"console","level":"log","message":"7/3/2025, 8:32:06 PM GMT+7 [Modules] Module download path: /home/fuzzy/.config/discord/0.0.100/modules/pending"},{"timestamp":1751549526.26,"category":"console","level":"log","message":"splashScreen.initSplash(false)"},{"timestamp":1751549526.26,"category":"console","level":"log","message":"CDM component API found"},{"timestamp":1751549526.293,"category":"electron","message":"app.web-contents-created","type":"ui"},{"timestamp":1751549526.295,"category":"electron","message":"app.browser-window-created","type":"ui"},{"timestamp":1751549526.323,"category":"console","level":"log","message":"blackbox: 7/3/2025, 8:32:06 PM GMT+7 0 \n\n----------------------------------------------"},{"timestamp":1751549526.337,"category":"console","level":"log","message":"blackbox: 7/3/2025, 8:32:06 PM GMT+7 1 Discord starting: {\"releaseChannel\":\"stable\",\"version\":\"0.0.100\"}, modulepath: /home/fuzzy/.config/discord/0.0.100/modules"}],"event_id":"02af13243f684142aebb95d1e1f1d6e5","timestamp":1751549526.34,"sdk":{"integrations":["SentryMinidump","ElectronBreadcrumbs","Net","MainContext","ChildProcess","OnUncaughtException","PreloadInjection","AdditionalContext","Screenshots","RendererProfiling","InboundFilters","FunctionToString","LinkedErrors","RequestData","Console","Http","Undici","OnUnhandledRejection","ContextLines","LocalVariables","Modules"],"name":"sentry.javascript.electron","version":"4.24.0","packages":[{"name":"npm:@sentry/electron","version":"4.24.0"}]},"modules":{"mkdirp":"1.0.4","yauzl":"2.10.0","fd-slicer":"1.1.0","pend":"1.2.0","buffer-crc32":"0.2.13","rimraf":"2.7.1","glob":"7.2.3","fs.realpath":"1.0.0","minimatch":"3.1.2","brace-expansion":"1.1.11","concat-map":"0.0.1","balanced-match":"1.0.2","inherits":"2.0.4","path-is-absolute":"1.0.1","inflight":"1.0.6","wrappy":"1.0.2","once":"1.4.0","request":"2.88.0","extend":"3.0.2","tough-cookie":"2.4.3","psl":"1.15.0","json-stringify-safe":"5.0.1","safe-buffer":"5.2.1","aws-sign2":"0.7.0","aws4":"1.13.2","http-signature":"1.2.0","assert-plus":"1.0.0","sshpk":"1.18.0","safer-buffer":"2.1.2","asn1":"0.2.6","ecc-jsbn":"0.1.2","jsbn":"0.1.1","tweetnacl":"0.14.5","jsprim":"1.4.2","extsprintf":"1.3.0","verror":"1.10.0","core-util-is":"1.0.2","json-schema":"0.4.0","mime-types":"2.1.35","mime-db":"1.52.0","caseless":"0.12.0","forever-agent":"0.6.1","form-data":"2.3.3","combined-stream":"1.0.8","delayed-stream":"1.0.0","asynckit":"0.4.0","isstream":"0.1.2","is-typedarray":"1.0.0","qs":"6.5.3","har-validator":"5.1.5","ajv":"6.12.6","uri-js":"4.4.1","fast-deep-equal":"3.1.3","json-schema-traverse":"0.4.1","fast-json-stable-stringify":"2.1.0","har-schema":"2.0.0","uuid":"3.4.0","oauth-sign":"0.9.0","tunnel-agent":"0.6.0","performance-now":"2.1.0","arch":"2.2.0","tslib":"2.8.1","localforage":"1.10.0","deepmerge":"4.3.0","electron-log":"5.2.0"},"extra":{"release_channel":"stable","sentry":{"environment":"stable","release":"0.0.100"},"wm":"unknown,unknown","distro":"\"CachyOS\""}}
7/3/2025, 8:32:06 PM GMT+7 6: ✅ webContents.did-finish-load web1
7/3/2025, 8:32:17 PM GMT+7 7: ✅ webContents.created web2 ""
7/3/2025, 8:32:17 PM GMT+7 8: ✅ window.created win2 "Discord"
7/3/2025, 8:32:19 PM GMT+7 9: ✅ webContents.did-finish-load web2
7/3/2025, 8:32:20 PM GMT+7 10: window.close win1
7/3/2025, 8:32:20 PM GMT+7 11: webContents.destroyed web1
7/3/2025, 8:32:20 PM GMT+7 12: window.closed win1
7/3/2025, 8:36:10 PM GMT+7 0: 

----------------------------------------------
7/3/2025, 8:36:10 PM GMT+7 1: Discord starting: {"releaseChannel":"stable","version":"0.0.100"}, modulepath: /home/fuzzy/.config/discord/0.0.100/modules
7/3/2025, 8:36:10 PM GMT+7 2: ✅ webContents.created web1 ""
7/3/2025, 8:36:10 PM GMT+7 3: ✅ window.created win1 "discord"
7/3/2025, 8:36:10 PM GMT+7 4: ✅ webContents.did-finish-load web1
7/3/2025, 8:36:11 PM GMT+7 5: ✅ webContents.created web2 ""
7/3/2025, 8:36:11 PM GMT+7 6: ✅ window.created win2 "Discord"
7/3/2025, 8:36:12 PM GMT+7 7: ✅ webContents.did-finish-load web2
7/3/2025, 8:36:13 PM GMT+7 8: window.close win1
7/3/2025, 8:36:13 PM GMT+7 9: webContents.destroyed web1
7/3/2025, 8:36:13 PM GMT+7 10: window.closed win1
7/3/2025, 9:02:52 PM GMT+7 0: 

----------------------------------------------
7/3/2025, 9:02:52 PM GMT+7 1: Discord starting: {"releaseChannel":"stable","version":"0.0.100"}, modulepath: /home/fuzzy/.config/discord/0.0.100/modules
7/3/2025, 9:02:52 PM GMT+7 2: ✅ webContents.created web1 ""
7/3/2025, 9:02:52 PM GMT+7 3: ✅ window.created win1 "discord"
7/3/2025, 9:02:52 PM GMT+7 4: ✅ webContents.did-finish-load web1
7/3/2025, 9:02:53 PM GMT+7 5: ✅ webContents.created web2 ""
7/3/2025, 9:02:53 PM GMT+7 6: ✅ window.created win2 "Discord"
7/3/2025, 9:02:54 PM GMT+7 7: ✅ webContents.did-finish-load web2
7/3/2025, 9:02:56 PM GMT+7 8: window.close win1
7/3/2025, 9:02:56 PM GMT+7 9: webContents.destroyed web1
7/3/2025, 9:02:56 PM GMT+7 10: window.closed win1
7/3/2025, 9:28:14 PM GMT+7 11: ❌ webContents.nresponsive web2
7/3/2025, 9:28:41 PM GMT+7 12: before-quit
7/3/2025, 9:28:41 PM GMT+7 13: window.close win2
7/3/2025, 9:28:42 PM GMT+7 14: webContents.destroyed web2
7/3/2025, 9:28:43 PM GMT+7 15: window.closed win2
7/3/2025, 9:30:30 PM GMT+7 0: 

----------------------------------------------
7/3/2025, 9:30:30 PM GMT+7 1: Discord starting: {"releaseChannel":"stable","version":"0.0.100"}, modulepath: /home/fuzzy/.config/discord/0.0.100/modules
7/3/2025, 9:30:30 PM GMT+7 2: ✅ webContents.created web1 ""
7/3/2025, 9:30:30 PM GMT+7 3: ✅ window.created win1 "discord"
7/3/2025, 9:30:32 PM GMT+7 4: ✅ webContents.did-finish-load web1
7/3/2025, 9:30:33 PM GMT+7 5: ✅ webContents.created web2 ""
7/3/2025, 9:30:33 PM GMT+7 6: ✅ window.created win2 "Discord"
7/3/2025, 9:30:38 PM GMT+7 7: ✅ webContents.did-finish-load web2
7/3/2025, 9:30:43 PM GMT+7 8: window.close win1
7/3/2025, 9:30:43 PM GMT+7 9: webContents.destroyed web1
7/3/2025, 9:30:43 PM GMT+7 10: window.closed win1
7/3/2025, 9:34:23 PM GMT+7 11: before-quit
7/3/2025, 9:34:23 PM GMT+7 12: window.close win2
7/3/2025, 9:34:23 PM GMT+7 13: ❌ child-process-gone {
  type: 'Utility',
  reason: 'killed',
  exitCode: 15,
  serviceName: 'audio.mojom.AudioService',
  name: 'Audio Service'
}
7/3/2025, 9:34:23 PM GMT+7 14: ❌ child-process-gone {
  type: 'Utility',
  reason: 'killed',
  exitCode: 15,
  serviceName: 'network.mojom.NetworkService',
  name: 'Network Service'
}
7/3/2025, 9:41:23 PM GMT+7 0: 

----------------------------------------------
7/3/2025, 9:41:23 PM GMT+7 1: Discord starting: {"releaseChannel":"stable","version":"0.0.100"}, modulepath: /home/fuzzy/.config/discord/0.0.100/modules
7/3/2025, 9:41:23 PM GMT+7 2: ✅ webContents.created web1 "index.html"
7/3/2025, 9:41:23 PM GMT+7 3: ✅ window.created win1 "discord"
7/3/2025, 9:41:23 PM GMT+7 4: Wrote 297632 byte minidump to /home/fuzzy/.config/discord/0.0.100/modules/crashlogs/7_3_2025__9_41_23_PM_GMT_7-0-minidump.dmp
7/3/2025, 9:41:23 PM GMT+7 5: Sentry report: {"contexts":{"trace":{"trace_id":"f658ca0a4d6347d3ade042094bb3da8b","span_id":"9f50bcc7bd2e939a"},"app":{"app_name":"discord","app_version":"0.0.100","app_start_time":"2025-07-03T14:30:26.562Z"},"os":{"kernel_version":"6.15.4-4-cachyos","name":"Ubuntu Linux","version":"\"rolling\""},"browser":{"name":"Chrome"},"chrome":{"name":"Chrome","type":"runtime","version":"134.0.6998.205"},"device":{"arch":"x64","family":"Desktop","language":"en-US","screen_density":1,"screen_resolution":"1366x768","memory_size":8219508736,"free_memory":2463784960,"processor_count":4,"cpu_description":"Intel(R) Core(TM) i7-4600U CPU @ 2.10GHz","processor_frequency":2693},"node":{"name":"Node","type":"runtime","version":"22.14.0"},"runtime":{"name":"Electron","version":"35.3.0"}},"environment":"stable","release":"0.0.100","user":{"ip_address":"{{auto}}","id":"1038065572895797328","username":"fuzzydeptraivcl","email":"doandat13tuoi@gmail.com"},"tags":{"event.origin":"electron","event.environment":"native","event.process":"browser","event_type":"native","nativeBuildNumber":"null"},"level":"fatal","platform":"native","breadcrumbs":[{"timestamp":1751553114.348,"category":"electron","message":"window.blur","type":"ui","data":{"id":2,"url":"https://discordapp.com/channels/@me/1390312860051181618"}},{"timestamp":1751553114.348,"category":"electron","message":"app.browser-window-blur","type":"ui"},{"timestamp":1751553114.349,"category":"electron","message":"window.focus","type":"ui","data":{"id":2,"url":"https://discordapp.com/channels/@me/1390312860051181618"}},{"timestamp":1751553114.349,"category":"electron","message":"app.browser-window-focus","type":"ui"},{"timestamp":1751553117.271,"category":"ui.click","message":"button.attachButton__0923f.attachButton__74017.button__201d5.lookBlank__201d5.colorBrand__201d5.grow__201d5[aria-label=\"More message options\"][type=\"button\"]"},{"timestamp":1751553118.695,"category":"ui.click","message":"div.label_c1e9c4 > div.optionLabel__77820 > div.optionName__77820"},{"timestamp":1751553118.702,"category":"ui.click","message":"div.uploadInput__0923f > input.file-input[type=\"file\"]"},{"timestamp":1751553118.974,"category":"electron","message":"window.blur","type":"ui","data":{"id":2,"url":"https://discordapp.com/channels/@me/1390312860051181618"}},{"timestamp":1751553118.975,"category":"electron","message":"app.browser-window-blur","type":"ui"},{"timestamp":1751553123.742,"category":"electron","message":"window.focus","type":"ui","data":{"id":2,"url":"https://discordapp.com/channels/@me/1390312860051181618"}},{"timestamp":1751553123.743,"category":"electron","message":"app.browser-window-focus","type":"ui"},{"timestamp":1751553123.744,"category":"electron","message":"window.blur","type":"ui","data":{"id":2,"url":"https://discordapp.com/channels/@me/1390312860051181618"}},{"timestamp":1751553123.744,"category":"electron","message":"app.browser-window-blur","type":"ui"},{"timestamp":1751553123.745,"category":"electron","message":"window.focus","type":"ui","data":{"id":2,"url":"https://discordapp.com/channels/@me/1390312860051181618"}},{"timestamp":1751553123.745,"category":"electron","message":"app.browser-window-focus","type":"ui"},{"timestamp":1751553126.17,"category":"electron","message":"window.blur","type":"ui","data":{"id":2,"url":"https://discordapp.com/channels/@me/1390312860051181618"}},{"timestamp":1751553126.17,"category":"electron","message":"app.browser-window-blur","type":"ui"},{"timestamp":1751553136.435,"category":"electron","message":"window.focus","type":"ui","data":{"id":2,"url":"https://discordapp.com/channels/@me/1390312860051181618"}},{"timestamp":1751553136.436,"category":"electron","message":"app.browser-window-focus","type":"ui"},{"timestamp":1751553136.611,"category":"electron","message":"window.blur","type":"ui","data":{"id":2,"url":"https://discordapp.com/channels/@me/1390312860051181618"}},{"timestamp":1751553136.611,"category":"electron","message":"app.browser-window-blur","type":"ui"},{"timestamp":1751553140.964,"category":"electron","message":"window.focus","type":"ui","data":{"id":2,"url":"https://discordapp.com/channels/@me/1390312860051181618"}},{"timestamp":1751553140.964,"category":"electron","message":"app.browser-window-focus","type":"ui"},{"timestamp":1751553141.027,"category":"electron","message":"window.blur","type":"ui","data":{"id":2,"url":"https://discordapp.com/channels/@me/1390312860051181618"}},{"timestamp":1751553141.028,"category":"electron","message":"app.browser-window-blur","type":"ui"},{"timestamp":1751553141.189,"category":"electron","message":"window.focus","type":"ui","data":{"id":2,"url":"https://discordapp.com/channels/@me/1390312860051181618"}},{"timestamp":1751553141.189,"category":"electron","message":"app.browser-window-focus","type":"ui"},{"timestamp":1751553141.259,"category":"electron","message":"window.blur","type":"ui","data":{"id":2,"url":"https://discordapp.com/channels/@me/1390312860051181618"}},{"timestamp":1751553141.26,"category":"electron","message":"app.browser-window-blur","type":"ui"},{"timestamp":1751553142.227,"category":"electron","message":"window.focus","type":"ui","data":{"id":2,"url":"https://discordapp.com/channels/@me/1390312860051181618"}},{"timestamp":1751553142.227,"category":"electron","message":"app.browser-window-focus","type":"ui"},{"timestamp":1751553142.298,"category":"electron","message":"window.blur","type":"ui","data":{"id":2,"url":"https://discordapp.com/channels/@me/1390312860051181618"}},{"timestamp":1751553142.299,"category":"electron","message":"app.browser-window-blur","type":"ui"},{"timestamp":1751553142.394,"category":"electron","message":"window.focus","type":"ui","data":{"id":2,"url":"https://discordapp.com/channels/@me/1390312860051181618"}},{"timestamp":1751553142.394,"category":"electron","message":"app.browser-window-focus","type":"ui"},{"timestamp":1751553142.466,"category":"electron","message":"window.blur","type":"ui","data":{"id":2,"url":"https://discordapp.com/channels/@me/1390312860051181618"}},{"timestamp":1751553142.466,"category":"electron","message":"app.browser-window-blur","type":"ui"},{"timestamp":1751553142.705,"category":"electron","message":"window.focus","type":"ui","data":{"id":2,"url":"https://discordapp.com/channels/@me/1390312860051181618"}},{"timestamp":1751553142.705,"category":"electron","message":"app.browser-window-focus","type":"ui"},{"timestamp":1751553142.883,"category":"electron","message":"window.blur","type":"ui","data":{"id":2,"url":"https://discordapp.com/channels/@me/1390312860051181618"}},{"timestamp":1751553142.883,"category":"electron","message":"app.browser-window-blur","type":"ui"},{"timestamp":1751553143.083,"category":"electron","message":"window.focus","type":"ui","data":{"id":2,"url":"https://discordapp.com/channels/@me/1390312860051181618"}},{"timestamp":1751553143.083,"category":"electron","message":"app.browser-window-focus","type":"ui"},{"timestamp":1751553143.178,"category":"electron","message":"window.blur","type":"ui","data":{"id":2,"url":"https://discordapp.com/channels/@me/1390312860051181618"}},{"timestamp":1751553143.179,"category":"electron","message":"app.browser-window-blur","type":"ui"},{"timestamp":1751553144.563,"category":"electron","message":"window.focus","type":"ui","data":{"id":2,"url":"https://discordapp.com/channels/@me/1390312860051181618"}},{"timestamp":1751553144.564,"category":"electron","message":"app.browser-window-focus","type":"ui"},{"timestamp":1751553144.938,"category":"electron","message":"window.blur","type":"ui","data":{"id":2,"url":"https://discordapp.com/channels/@me/1390312860051181618"}},{"timestamp":1751553144.938,"category":"electron","message":"app.browser-window-blur","type":"ui"},{"timestamp":1751553148.54,"category":"electron","message":"window.focus","type":"ui","data":{"id":2,"url":"https://discordapp.com/channels/@me/1390312860051181618"}},{"timestamp":1751553148.542,"category":"electron","message":"app.browser-window-focus","type":"ui"},{"timestamp":1751553148.611,"category":"electron","message":"window.blur","type":"ui","data":{"id":2,"url":"https://discordapp.com/channels/@me/1390312860051181618"}},{"timestamp":1751553148.611,"category":"electron","message":"app.browser-window-blur","type":"ui"},{"timestamp":1751553150.282,"category":"electron","message":"window.focus","type":"ui","data":{"id":2,"url":"https://discordapp.com/channels/@me/1390312860051181618"}},{"timestamp":1751553150.283,"category":"electron","message":"app.browser-window-focus","type":"ui"},{"timestamp":1751553151.874,"category":"electron","message":"window.blur","type":"ui","data":{"id":2,"url":"https://discordapp.com/channels/@me/1390312860051181618"}},{"timestamp":1751553151.874,"category":"electron","message":"app.browser-window-blur","type":"ui"},{"timestamp":1751553154.475,"category":"electron","message":"window.focus","type":"ui","data":{"id":2,"url":"https://discordapp.com/channels/@me/1390312860051181618"}},{"timestamp":1751553154.476,"category":"electron","message":"app.browser-window-focus","type":"ui"},{"timestamp":1751553157.171,"category":"ui.click","message":"a.originalLink_af017a"},{"timestamp":1751553158.62,"category":"ui.click","message":"div.carouselModal_d3a6f0.theme-dark.theme-midnight.images-dark.root__49fc1"},{"timestamp":1751553160.394,"category":"ui.click","message":"div.wrapper_cc5dd2 > svg > foreignobject > div.wrapper__6e9f8.selected__6e9f8"},{"timestamp":1751553160.579,"category":"electron","message":"window.blur","type":"ui","data":{"id":2,"url":"https://discordapp.com/channels/1327486238768496663/1327486239942643809"}},{"timestamp":1751553160.579,"category":"electron","message":"app.browser-window-blur","type":"ui"},{"timestamp":1751553168.611,"category":"electron","message":"window.focus","type":"ui","data":{"id":2,"url":"https://discordapp.com/channels/1327486238768496663/1327486239942643809"}},{"timestamp":1751553168.612,"category":"electron","message":"app.browser-window-focus","type":"ui"},{"timestamp":1751553168.935,"category":"ui.input","message":"div.markup__75297.editor__1b31f.slateTextArea_ec4baf[aria-label=\"Enter a message to start the conversation!\"]"},{"timestamp":1751553169.222,"category":"console","level":"log","message":"legacyModuleUpdater: installed-module discord_spellcheck 1 1 true"},{"timestamp":1751553169.223,"category":"console","level":"log","message":"mainScreen.UpdaterEvents: UPDATER_HISTORY_QUERY_AND_TRUNCATE"},{"timestamp":1751553169.25,"category":"electron","message":"window.blur","type":"ui","data":{"id":2,"url":"https://discordapp.com/channels/1327486238768496663/1327486239942643809"}},{"timestamp":1751553169.251,"category":"electron","message":"app.browser-window-blur","type":"ui"},{"timestamp":1751553169.796,"category":"electron","message":"window.focus","type":"ui","data":{"id":2,"url":"https://discordapp.com/channels/1327486238768496663/1327486239942643809"}},{"timestamp":1751553169.796,"category":"electron","message":"app.browser-window-focus","type":"ui"},{"timestamp":1751553170.268,"category":"electron","message":"window.blur","type":"ui","data":{"id":2,"url":"https://discordapp.com/channels/1327486238768496663/1327486239942643809"}},{"timestamp":1751553170.268,"category":"electron","message":"app.browser-window-blur","type":"ui"},{"timestamp":1751553170.476,"category":"electron","message":"window.focus","type":"ui","data":{"id":2,"url":"https://discordapp.com/channels/1327486238768496663/1327486239942643809"}},{"timestamp":1751553170.476,"category":"electron","message":"app.browser-window-focus","type":"ui"},{"timestamp":1751553170.731,"category":"electron","message":"window.blur","type":"ui","data":{"id":2,"url":"https://discordapp.com/channels/1327486238768496663/1327486239942643809"}},{"timestamp":1751553170.731,"category":"electron","message":"app.browser-window-blur","type":"ui"},{"timestamp":1751553170.947,"category":"electron","message":"window.focus","type":"ui","data":{"id":2,"url":"https://discordapp.com/channels/1327486238768496663/1327486239942643809"}},{"timestamp":1751553170.948,"category":"electron","message":"app.browser-window-focus","type":"ui"},{"timestamp":1751553171.923,"category":"electron","message":"window.blur","type":"ui","data":{"id":2,"url":"https://discordapp.com/channels/1327486238768496663/1383494295570485389"}},{"timestamp":1751553171.923,"category":"electron","message":"app.browser-window-blur","type":"ui"},{"timestamp":1751553173.333,"category":"electron","message":"window.focus","type":"ui","data":{"id":2,"url":"https://discordapp.com/channels/1327486238768496663/1383494295570485389"}},{"timestamp":1751553173.333,"category":"electron","message":"app.browser-window-focus","type":"ui"},{"timestamp":1751553177.195,"category":"ui.click","message":"div.markup__75297.editor__1b31f.slateTextArea_ec4baf[aria-label=\"Message #cấm-chat\"]"},{"timestamp":1751553184.296,"category":"ui.click","message":"div.iconWrapper__9293f.clickable__9293f[aria-label=\"Close\"] > svg"},{"timestamp":1751553188.465,"category":"ui.click","message":"div.markup__75297.editor__1b31f.slateTextArea_ec4baf[aria-label=\"Message #nồi-lẩu-thập-cẩm\"]"},{"timestamp":1751553191.64,"category":"ui.input","message":"div.markup__75297.editor__1b31f.slateTextArea_ec4baf[aria-label=\"Message #nồi-lẩu-thập-cẩm\"]"},{"timestamp":1751553194.706,"category":"ui.input","message":"div.markup__75297.editor__1b31f.slateTextArea_ec4baf[aria-label=\"Message #nồi-lẩu-thập-cẩm\"]"},{"timestamp":1751553201.714,"category":"ui.input","message":"div.markup__75297.editor__1b31f.slateTextArea_ec4baf[aria-label=\"Message #nồi-lẩu-thập-cẩm\"]"},{"timestamp":1751553206.536,"category":"ui.input","message":"div.markup__75297.editor__1b31f.slateTextArea_ec4baf[aria-label=\"Message #nồi-lẩu-thập-cẩm\"]"},{"timestamp":1751553224.684,"category":"ui.click","message":"a.originalLink_af017a"},{"timestamp":1751553232.531,"category":"ui.click","message":"div.carouselModal_d3a6f0.theme-dark.theme-midnight.images-dark.root__49fc1"},{"timestamp":1751553240.087,"category":"ui.input","message":"div.markup__75297.editor__1b31f.slateTextArea_ec4baf[aria-label=\"Message #nồi-lẩu-thập-cẩm\"]"},{"timestamp":1751553242.731,"category":"ui.input","message":"div.markup__75297.editor__1b31f.slateTextArea_ec4baf[aria-label=\"Message #nồi-lẩu-thập-cẩm\"]"},{"timestamp":1751553247.497,"category":"ui.input","message":"div.markup__75297.editor__1b31f.slateTextArea_ec4baf[aria-label=\"Message #nồi-lẩu-thập-cẩm\"]"},{"timestamp":1751553250.937,"category":"ui.input","message":"div.markup__75297.editor__1b31f.slateTextArea_ec4baf[aria-label=\"Message #nồi-lẩu-thập-cẩm\"]"},{"timestamp":1751553258.516,"category":"electron","message":"window.blur","type":"ui","data":{"id":2,"url":"https://discordapp.com/channels/1327486238768496663/1327486239942643809"}},{"timestamp":1751553258.516,"category":"electron","message":"app.browser-window-blur","type":"ui"},{"timestamp":1751553683.577,"category":"console","level":"log","message":"Discord 0.0.100"},{"timestamp":1751553683.673,"category":"electron","message":"app.will-finish-launching","type":"ui"},{"timestamp":1751553683.679,"category":"electron","message":"app.ready","type":"ui"},{"timestamp":1751553683.688,"category":"electron","message":"app.session-created","type":"ui"},{"timestamp":1751553683.688,"category":"console","level":"warning","message":"(electron) 'session.getPreloads' is deprecated and will be removed. Please use 'session.getPreloadScripts' instead."},{"timestamp":1751553683.689,"category":"console","level":"warning","message":"(electron) 'session.setPreloads' is deprecated and will be removed. Please use 'session.registerPreloadScript' instead."},{"timestamp":1751553683.691,"category":"console","level":"log","message":"Starting app."},{"timestamp":1751553683.695,"category":"console","level":"log","message":"Starting updater."},{"timestamp":1751553683.723,"category":"console","level":"log","message":"7/3/2025, 9:41:23 PM GMT+7 [Modules] Modules initializing"},{"timestamp":1751553683.724,"category":"console","level":"log","message":"7/3/2025, 9:41:23 PM GMT+7 [Modules] Distribution: remote"},{"timestamp":1751553683.724,"category":"console","level":"log","message":"7/3/2025, 9:41:23 PM GMT+7 [Modules] Host updates: enabled"},{"timestamp":1751553683.725,"category":"console","level":"log","message":"7/3/2025, 9:41:23 PM GMT+7 [Modules] Module updates: enabled"},{"timestamp":1751553683.725,"category":"console","level":"log","message":"7/3/2025, 9:41:23 PM GMT+7 [Modules] Module install path: /home/fuzzy/.config/discord/0.0.100/modules"},{"timestamp":1751553683.726,"category":"console","level":"log","message":"7/3/2025, 9:41:23 PM GMT+7 [Modules] Module installed file path: /home/fuzzy/.config/discord/0.0.100/modules/installed.json"},{"timestamp":1751553683.726,"category":"console","level":"log","message":"7/3/2025, 9:41:23 PM GMT+7 [Modules] Module download path: /home/fuzzy/.config/discord/0.0.100/modules/pending"},{"timestamp":1751553683.731,"category":"console","level":"log","message":"splashScreen.initSplash(false)"},{"timestamp":1751553683.731,"category":"console","level":"log","message":"CDM component API found"},{"timestamp":1751553683.753,"category":"electron","message":"app.web-contents-created","type":"ui"},{"timestamp":1751553683.754,"category":"electron","message":"app.browser-window-created","type":"ui"},{"timestamp":1751553683.779,"category":"console","level":"log","message":"blackbox: 7/3/2025, 9:41:23 PM GMT+7 0 \n\n----------------------------------------------"},{"timestamp":1751553683.784,"category":"console","level":"log","message":"CDM completed with status: cdm-ready-success"},{"timestamp":1751553683.791,"category":"electron","message":"app.gpu-info-update","type":"ui"},{"timestamp":1751553683.8,"category":"console","level":"log","message":"blackbox: 7/3/2025, 9:41:23 PM GMT+7 1 Discord starting: {\"releaseChannel\":\"stable\",\"version\":\"0.0.100\"}, modulepath: /home/fuzzy/.config/discord/0.0.100/modules"}],"event_id":"fb72e5eac40c4b768804a673407d58e0","timestamp":1751553683.805,"sdk":{"integrations":["SentryMinidump","ElectronBreadcrumbs","Net","MainContext","ChildProcess","OnUncaughtException","PreloadInjection","AdditionalContext","Screenshots","RendererProfiling","InboundFilters","FunctionToString","LinkedErrors","RequestData","Console","Http","Undici","OnUnhandledRejection","ContextLines","LocalVariables","Modules"],"name":"sentry.javascript.electron","version":"4.24.0","packages":[{"name":"npm:@sentry/electron","version":"4.24.0"}]},"modules":{"mkdirp":"1.0.4","yauzl":"2.10.0","fd-slicer":"1.1.0","pend":"1.2.0","buffer-crc32":"0.2.13","rimraf":"2.7.1","glob":"7.2.3","fs.realpath":"1.0.0","minimatch":"3.1.2","brace-expansion":"1.1.11","concat-map":"0.0.1","balanced-match":"1.0.2","inherits":"2.0.4","path-is-absolute":"1.0.1","inflight":"1.0.6","wrappy":"1.0.2","once":"1.4.0","request":"2.88.0","extend":"3.0.2","tough-cookie":"2.4.3","psl":"1.15.0","json-stringify-safe":"5.0.1","safe-buffer":"5.2.1","aws-sign2":"0.7.0","aws4":"1.13.2","http-signature":"1.2.0","assert-plus":"1.0.0","sshpk":"1.18.0","safer-buffer":"2.1.2","asn1":"0.2.6","ecc-jsbn":"0.1.2","jsbn":"0.1.1","tweetnacl":"0.14.5","jsprim":"1.4.2","extsprintf":"1.3.0","verror":"1.10.0","core-util-is":"1.0.2","json-schema":"0.4.0","mime-types":"2.1.35","mime-db":"1.52.0","caseless":"0.12.0","forever-agent":"0.6.1","form-data":"2.3.3","combined-stream":"1.0.8","delayed-stream":"1.0.0","asynckit":"0.4.0","isstream":"0.1.2","is-typedarray":"1.0.0","qs":"6.5.3","har-validator":"5.1.5","ajv":"6.12.6","uri-js":"4.4.1","fast-deep-equal":"3.1.3","json-schema-traverse":"0.4.1","fast-json-stable-stringify":"2.1.0","har-schema":"2.0.0","uuid":"3.4.0","oauth-sign":"0.9.0","tunnel-agent":"0.6.0","performance-now":"2.1.0","arch":"2.2.0","tslib":"2.8.1","localforage":"1.10.0","deepmerge":"4.3.0","electron-log":"5.2.0"},"extra":{"release_channel":"stable","sentry":{"environment":"stable","release":"0.0.100"},"wm":"unknown,unknown","distro":"\"CachyOS\""}}
7/3/2025, 9:41:24 PM GMT+7 6: ✅ webContents.did-finish-load web1
7/3/2025, 9:41:24 PM GMT+7 7: ✅ webContents.created web2 ""
7/3/2025, 9:41:24 PM GMT+7 8: ✅ window.created win2 "Discord"
7/3/2025, 9:41:26 PM GMT+7 9: ✅ webContents.did-finish-load web2
7/3/2025, 9:41:27 PM GMT+7 10: window.close win1
7/3/2025, 9:41:27 PM GMT+7 11: webContents.destroyed web1
7/3/2025, 9:41:27 PM GMT+7 12: window.closed win1
7/3/2025, 10:43:15 PM GMT+7 0: 

----------------------------------------------
7/3/2025, 10:43:15 PM GMT+7 1: Discord starting: {"releaseChannel":"stable","version":"0.0.100"}, modulepath: /home/fuzzy/.config/discord/0.0.100/modules
7/3/2025, 10:43:15 PM GMT+7 2: ✅ webContents.created web1 ""
7/3/2025, 10:43:15 PM GMT+7 3: ✅ window.created win1 "discord"
7/3/2025, 10:43:16 PM GMT+7 4: ✅ webContents.did-finish-load web1
7/3/2025, 10:43:16 PM GMT+7 5: ✅ webContents.created web2 ""
7/3/2025, 10:43:16 PM GMT+7 6: ✅ window.created win2 "Discord"
7/3/2025, 10:43:18 PM GMT+7 7: ✅ webContents.did-finish-load web2
7/3/2025, 10:43:20 PM GMT+7 8: window.close win1
7/3/2025, 10:43:21 PM GMT+7 9: webContents.destroyed web1
7/3/2025, 10:43:21 PM GMT+7 10: window.closed win1
7/3/2025, 10:45:07 PM GMT+7 11: window.close win2
7/3/2025, 10:45:14 PM GMT+7 0: 

----------------------------------------------
7/3/2025, 10:45:14 PM GMT+7 1: Discord starting: {"releaseChannel":"stable","version":"0.0.100"}, modulepath: /home/fuzzy/.config/discord/0.0.100/modules
7/3/2025, 11:54:01 PM GMT+7 0: 

----------------------------------------------
7/3/2025, 11:54:01 PM GMT+7 1: Discord starting: {"releaseChannel":"stable","version":"0.0.100"}, modulepath: /home/fuzzy/.config/discord/0.0.100/modules
7/4/2025, 9:03:09 AM GMT+7 12: window.close win2
7/4/2025, 9:11:57 AM GMT+7 0: 

----------------------------------------------
7/4/2025, 9:11:57 AM GMT+7 1: Discord starting: {"releaseChannel":"stable","version":"0.0.100"}, modulepath: /home/fuzzy/.config/discord/0.0.100/modules
7/4/2025, 9:11:57 AM GMT+7 2: ✅ webContents.created web1 ""
7/4/2025, 9:11:57 AM GMT+7 3: ✅ window.created win1 "discord"
7/4/2025, 9:11:57 AM GMT+7 4: ✅ webContents.did-finish-load web1
7/4/2025, 9:12:02 AM GMT+7 5: before-quit
7/4/2025, 9:14:28 AM GMT+7 0: 

----------------------------------------------
7/4/2025, 9:14:28 AM GMT+7 1: Discord starting: {"releaseChannel":"stable","version":"0.0.100"}, modulepath: /home/fuzzy/.config/discord/0.0.100/modules
7/4/2025, 9:14:28 AM GMT+7 2: ✅ webContents.created web1 ""
7/4/2025, 9:14:28 AM GMT+7 3: ✅ window.created win1 "discord"
7/4/2025, 9:14:29 AM GMT+7 4: ✅ webContents.did-finish-load web1
7/4/2025, 9:14:29 AM GMT+7 5: ✅ webContents.created web2 ""
7/4/2025, 9:14:29 AM GMT+7 6: ✅ window.created win2 "Discord"
7/4/2025, 9:14:31 AM GMT+7 7: ✅ webContents.did-finish-load web2
7/4/2025, 9:14:32 AM GMT+7 8: window.close win1
7/4/2025, 9:14:32 AM GMT+7 9: webContents.destroyed web1
7/4/2025, 9:14:32 AM GMT+7 10: window.closed win1
